<?xml version="1.0" encoding="UTF-8"?>
<coverage generated="1617800770622" clover="3.2.0">
  <project timestamp="1617800770622" name="All files">
    <metrics statements="17" coveredstatements="17" conditionals="26" coveredconditionals="26" methods="1" coveredmethods="1" elements="44" coveredelements="44" complexity="0" loc="17" ncloc="17" packages="1" files="1" classes="1"/>
    <file name="5.js" path="G:\ROAD TO FULLSTACK\FRONT_END\homework\1\if-else\5.js">
      <metrics statements="17" coveredstatements="17" conditionals="26" coveredconditionals="26" methods="1" coveredmethods="1"/>
      <line num="5" count="10" type="cond" truecount="2" falsecount="0"/>
      <line num="6" count="1" type="stmt"/>
      <line num="8" count="9" type="cond" truecount="4" falsecount="0"/>
      <line num="9" count="1" type="stmt"/>
      <line num="11" count="8" type="cond" truecount="4" falsecount="0"/>
      <line num="12" count="1" type="stmt"/>
      <line num="14" count="7" type="cond" truecount="4" falsecount="0"/>
      <line num="15" count="1" type="stmt"/>
      <line num="17" count="6" type="cond" truecount="4" falsecount="0"/>
      <line num="18" count="1" type="stmt"/>
      <line num="20" count="5" type="cond" truecount="4" falsecount="0"/>
      <line num="21" count="1" type="stmt"/>
      <line num="23" count="4" type="cond" truecount="4" falsecount="0"/>
      <line num="24" count="2" type="stmt"/>
      <line num="26" count="2" type="stmt"/>
      <line num="29" count="1" type="stmt"/>
      <line num="30" count="1" type="stmt"/>
    </file>
  </project>
</coverage>
