TN:
SF:5.js
FN:4,findMark
FNF:1
FNH:1
FNDA:10,findMark
DA:5,10
DA:6,1
DA:8,9
DA:9,1
DA:11,8
DA:12,1
DA:14,7
DA:15,1
DA:17,6
DA:18,1
DA:20,5
DA:21,1
DA:23,4
DA:24,2
DA:26,2
DA:29,1
DA:30,1
LF:17
LH:17
BRDA:5,0,0,1
BRDA:5,0,1,9
BRDA:8,1,0,1
BRDA:8,1,1,8
BRDA:8,2,0,9
BRDA:8,2,1,8
BRDA:11,3,0,1
BRDA:11,3,1,7
BRDA:11,4,0,8
BRDA:11,4,1,7
BRDA:14,5,0,1
BRDA:14,5,1,6
BRDA:14,6,0,7
BRDA:14,6,1,6
BRDA:17,7,0,1
BRDA:17,7,1,5
BRDA:17,8,0,6
BRDA:17,8,1,5
BRDA:20,9,0,1
BRDA:20,9,1,4
BRDA:20,10,0,5
BRDA:20,10,1,4
BRDA:23,11,0,2
BRDA:23,11,1,2
BRDA:23,12,0,4
BRDA:23,12,1,3
BRF:26
BRH:26
end_of_record
