{"G:\\ROAD TO FULLSTACK\\FRONT_END\\homework\\1\\if-else\\5.js": {"path":"G:\\ROAD TO FULLSTACK\\FRONT_END\\homework\\1\\if-else\\5.js","statementMap":{"0":{"start":{"line":5,"column":1},"end":{"line":7,"column":3}},"1":{"start":{"line":6,"column":4},"end":{"line":6,"column":40}},"2":{"start":{"line":8,"column":1},"end":{"line":10,"column":1}},"3":{"start":{"line":9,"column":4},"end":{"line":9,"column":15}},"4":{"start":{"line":11,"column":1},"end":{"line":13,"column":1}},"5":{"start":{"line":12,"column":4},"end":{"line":12,"column":15}},"6":{"start":{"line":14,"column":1},"end":{"line":16,"column":1}},"7":{"start":{"line":15,"column":2},"end":{"line":15,"column":13}},"8":{"start":{"line":17,"column":1},"end":{"line":19,"column":1}},"9":{"start":{"line":18,"column":2},"end":{"line":18,"column":13}},"10":{"start":{"line":20,"column":1},"end":{"line":22,"column":1}},"11":{"start":{"line":21,"column":2},"end":{"line":21,"column":13}},"12":{"start":{"line":23,"column":1},"end":{"line":25,"column":1}},"13":{"start":{"line":24,"column":2},"end":{"line":24,"column":13}},"14":{"start":{"line":26,"column":1},"end":{"line":26,"column":25}},"15":{"start":{"line":29,"column":0},"end":{"line":29,"column":26}},"16":{"start":{"line":30,"column":0},"end":{"line":30,"column":26}}},"fnMap":{"0":{"name":"findMark","decl":{"start":{"line":4,"column":9},"end":{"line":4,"column":17}},"loc":{"start":{"line":4,"column":20},"end":{"line":27,"column":1}},"line":4}},"branchMap":{"0":{"loc":{"start":{"line":5,"column":1},"end":{"line":7,"column":3}},"type":"if","locations":[{"start":{"line":5,"column":1},"end":{"line":7,"column":3}},{"start":{"line":5,"column":1},"end":{"line":7,"column":3}}],"line":5},"1":{"loc":{"start":{"line":8,"column":1},"end":{"line":10,"column":1}},"type":"if","locations":[{"start":{"line":8,"column":1},"end":{"line":10,"column":1}},{"start":{"line":8,"column":1},"end":{"line":10,"column":1}}],"line":8},"2":{"loc":{"start":{"line":8,"column":5},"end":{"line":8,"column":22}},"type":"binary-expr","locations":[{"start":{"line":8,"column":5},"end":{"line":8,"column":11}},{"start":{"line":8,"column":15},"end":{"line":8,"column":22}}],"line":8},"3":{"loc":{"start":{"line":11,"column":1},"end":{"line":13,"column":1}},"type":"if","locations":[{"start":{"line":11,"column":1},"end":{"line":13,"column":1}},{"start":{"line":11,"column":1},"end":{"line":13,"column":1}}],"line":11},"4":{"loc":{"start":{"line":11,"column":5},"end":{"line":11,"column":23}},"type":"binary-expr","locations":[{"start":{"line":11,"column":5},"end":{"line":11,"column":12}},{"start":{"line":11,"column":16},"end":{"line":11,"column":23}}],"line":11},"5":{"loc":{"start":{"line":14,"column":1},"end":{"line":16,"column":1}},"type":"if","locations":[{"start":{"line":14,"column":1},"end":{"line":16,"column":1}},{"start":{"line":14,"column":1},"end":{"line":16,"column":1}}],"line":14},"6":{"loc":{"start":{"line":14,"column":5},"end":{"line":14,"column":23}},"type":"binary-expr","locations":[{"start":{"line":14,"column":5},"end":{"line":14,"column":12}},{"start":{"line":14,"column":16},"end":{"line":14,"column":23}}],"line":14},"7":{"loc":{"start":{"line":17,"column":1},"end":{"line":19,"column":1}},"type":"if","locations":[{"start":{"line":17,"column":1},"end":{"line":19,"column":1}},{"start":{"line":17,"column":1},"end":{"line":19,"column":1}}],"line":17},"8":{"loc":{"start":{"line":17,"column":5},"end":{"line":17,"column":23}},"type":"binary-expr","locations":[{"start":{"line":17,"column":5},"end":{"line":17,"column":12}},{"start":{"line":17,"column":16},"end":{"line":17,"column":23}}],"line":17},"9":{"loc":{"start":{"line":20,"column":1},"end":{"line":22,"column":1}},"type":"if","locations":[{"start":{"line":20,"column":1},"end":{"line":22,"column":1}},{"start":{"line":20,"column":1},"end":{"line":22,"column":1}}],"line":20},"10":{"loc":{"start":{"line":20,"column":5},"end":{"line":20,"column":23}},"type":"binary-expr","locations":[{"start":{"line":20,"column":5},"end":{"line":20,"column":12}},{"start":{"line":20,"column":16},"end":{"line":20,"column":23}}],"line":20},"11":{"loc":{"start":{"line":23,"column":1},"end":{"line":25,"column":1}},"type":"if","locations":[{"start":{"line":23,"column":1},"end":{"line":25,"column":1}},{"start":{"line":23,"column":1},"end":{"line":25,"column":1}}],"line":23},"12":{"loc":{"start":{"line":23,"column":5},"end":{"line":23,"column":24}},"type":"binary-expr","locations":[{"start":{"line":23,"column":5},"end":{"line":23,"column":12}},{"start":{"line":23,"column":16},"end":{"line":23,"column":24}}],"line":23}},"s":{"0":10,"1":1,"2":9,"3":1,"4":8,"5":1,"6":7,"7":1,"8":6,"9":1,"10":5,"11":1,"12":4,"13":2,"14":2,"15":1,"16":1},"f":{"0":10},"b":{"0":[1,9],"1":[1,8],"2":[9,8],"3":[1,7],"4":[8,7],"5":[1,6],"6":[7,6],"7":[1,5],"8":[6,5],"9":[1,4],"10":[5,4],"11":[2,2],"12":[4,3]},"_coverageSchema":"1a1c01bbd47fc00a2c39e90264f33305004495a9","hash":"081af4dec8579ad1f3e2f9d575a4f226be350e90"}
}
